<?xml version="1.0" encoding="UTF-8"?>
<testsuite name="com.github.hsindumas.stagger.builder.ProjectDocConfigBuilderSourceProjectTest" tests="8" skipped="0" failures="0" errors="0" timestamp="2026-07-02T06:01:00.967Z" hostname="CN-CTQH19396R" time="0.209">
  <properties/>
  <testcase name="shouldBuildSourceProjectAlongsideQdoxModel()" classname="com.github.hsindumas.stagger.builder.ProjectDocConfigBuilderSourceProjectTest" time="0.005"/>
  <testcase name="shouldResolveImplementedInterfaceTypeArgumentForNestedInterfaceNameFromFacade()" classname="com.github.hsindumas.stagger.builder.ProjectDocConfigBuilderSourceProjectTest" time="0.007"/>
  <testcase name="shouldResolveImplementedInterfaceNamesFromFacade()" classname="com.github.hsindumas.stagger.builder.ProjectDocConfigBuilderSourceProjectTest" time="0.004"/>
  <testcase name="shouldResolveImplementedInterfaceTypeArgumentForNestedInterfaceNameFromSourceFallback()" classname="com.github.hsindumas.stagger.builder.ProjectDocConfigBuilderSourceProjectTest" time="0.168"/>
  <testcase name="shouldResolveImplementedInterfaceTypeArgumentFromFacade()" classname="com.github.hsindumas.stagger.builder.ProjectDocConfigBuilderSourceProjectTest" time="0.007"/>
  <testcase name="shouldResolveImplementedInterfaceTypeArgumentFromSourceFallback()" classname="com.github.hsindumas.stagger.builder.ProjectDocConfigBuilderSourceProjectTest" time="0.005"/>
  <testcase name="shouldDetectEnumTypeFromBuilderFacade()" classname="com.github.hsindumas.stagger.builder.ProjectDocConfigBuilderSourceProjectTest" time="0.006"/>
  <testcase name="shouldResolveImplementedInterfaceNamesFromSourceFallback()" classname="com.github.hsindumas.stagger.builder.ProjectDocConfigBuilderSourceProjectTest" time="0.005"/>
  <system-out><![CDATA[]]></system-out>
  <system-err><![CDATA[]]></system-err>
</testsuite>
