<?xml version="1.0" encoding="UTF-8"?>
<testsuite name="com.github.hsindumas.stagger.handler.IRequestMappingHandlerTest" tests="2" skipped="0" failures="0" errors="0" timestamp="2026-07-02T06:01:01.176Z" hostname="CN-CTQH19396R" time="0.014">
  <properties/>
  <testcase name="shouldMergeInterfaceAndImplementationMethodAnnotations()" classname="com.github.hsindumas.stagger.handler.IRequestMappingHandlerTest" time="0.007"/>
  <testcase name="shouldIncludeInterfaceMethodAnnotations()" classname="com.github.hsindumas.stagger.handler.IRequestMappingHandlerTest" time="0.006"/>
  <system-out><![CDATA[]]></system-out>
  <system-err><![CDATA[]]></system-err>
</testsuite>
