<?xml version="1.0" encoding="UTF-8"?>
<testsuite name="com.github.hsindumas.stagger.helper.JsonBuildHelperReturnEnumTest" tests="2" skipped="0" failures="0" errors="0" timestamp="2026-07-02T06:01:01.217Z" hostname="CN-CTQH19396R" time="0.011">
  <properties/>
  <testcase name="shouldRenderEnumReturnUsingFacadeResolvedEnumClass()" classname="com.github.hsindumas.stagger.helper.JsonBuildHelperReturnEnumTest" time="0.006"/>
  <testcase name="shouldRenderEnumReturnUsingSampleFallbackWhenFacadeClassUnavailable()" classname="com.github.hsindumas.stagger.helper.JsonBuildHelperReturnEnumTest" time="0.005"/>
  <system-out><![CDATA[]]></system-out>
  <system-err><![CDATA[]]></system-err>
</testsuite>
