<?xml version="1.0" encoding="UTF-8"?>
<testsuite name="com.github.hsindumas.stagger.util.DocUtilTest" tests="13" skipped="0" failures="0" errors="0" timestamp="2026-07-02T06:01:02.034Z" hostname="CN-CTQH19396R" time="0.018">
  <properties/>
  <testcase name="testFormatPathUrl()" classname="com.github.hsindumas.stagger.util.DocUtilTest" time="0.0"/>
  <testcase name="testGetCommentsByTag_ParamOnlyName()" classname="com.github.hsindumas.stagger.util.DocUtilTest" time="0.007"/>
  <testcase name="testFormatAndRemove()" classname="com.github.hsindumas.stagger.util.DocUtilTest" time="0.005"/>
  <testcase name="testGetCommentsByTag_ParamWithCarriageReturn()" classname="com.github.hsindumas.stagger.util.DocUtilTest" time="0.001"/>
  <testcase name="testSplitPathBySlash()" classname="com.github.hsindumas.stagger.util.DocUtilTest" time="0.0"/>
  <testcase name="test()" classname="com.github.hsindumas.stagger.util.DocUtilTest" time="0.0"/>
  <testcase name="testGetCommentsByTag_ExtensionWithNewlines()" classname="com.github.hsindumas.stagger.util.DocUtilTest" time="0.001"/>
  <testcase name="testGetInterfacesEnum()" classname="com.github.hsindumas.stagger.util.DocUtilTest" time="0.0"/>
  <testcase name="testReplaceGenericParameter()" classname="com.github.hsindumas.stagger.util.DocUtilTest" time="0.0"/>
  <testcase name="testGetCommentsByTag_ParamEmptyValue()" classname="com.github.hsindumas.stagger.util.DocUtilTest" time="0.0"/>
  <testcase name="testIsMatch()" classname="com.github.hsindumas.stagger.util.DocUtilTest" time="0.001"/>
  <testcase name="testGetCommentsByTag_ParamWhitespaceOnlyValue()" classname="com.github.hsindumas.stagger.util.DocUtilTest" time="0.0"/>
  <testcase name="testGetCommentsByTag_ParamWithNewlines()" classname="com.github.hsindumas.stagger.util.DocUtilTest" time="0.001"/>
  <system-out><![CDATA[http://localhost:8080/detail/{id}/{name}
${server.error.path:${error.path:/error}}/test/dd/{bb}/add
http://localhost:8080/detail/vCM/dd
${server.error.path:${error.path:/error}}
test
{name:[a-zA-Z0-9]{3}}
{bb}
add
""
true
java.util.List<com.stagger.example.model.TreeNode<User>>
false
]]></system-out>
  <system-err><![CDATA[]]></system-err>
</testsuite>
